[  0%] Built target sensor_msgs_generate_messages_py
[  0%] Built target geometry_msgs_generate_messages_cpp
[  0%] Built target geometry_msgs_generate_messages_py
[  0%] Built target std_msgs_generate_messages_eus
[  0%] Built target std_msgs_generate_messages_cpp
[  0%] Built target std_msgs_generate_messages_py
[  0%] Built target sensor_msgs_generate_messages_cpp
[  0%] Built target geometry_msgs_generate_messages_lisp
[  0%] Built target std_msgs_generate_messages_nodejs
[  0%] Built target sensor_msgs_generate_messages_eus
[  0%] Built target sensor_msgs_generate_messages_lisp
[  0%] Built target geometry_msgs_generate_messages_eus
[  0%] Built target std_msgs_generate_messages_lisp
[  0%] Built target sensor_msgs_generate_messages_nodejs
[  0%] Built target roscpp_generate_messages_cpp
[  0%] Built target geometry_msgs_generate_messages_nodejs
[  0%] Built target roscpp_generate_messages_nodejs
[  0%] Built target _control_generate_messages_check_deps_MoveJoints
[  0%] Built target roscpp_generate_messages_lisp
[  0%] Built target roscpp_generate_messages_eus
[  0%] Built target roscpp_generate_messages_py
[  0%] Built target rosgraph_msgs_generate_messages_cpp
[  0%] Built target rosgraph_msgs_generate_messages_py
[  0%] Built target rosgraph_msgs_generate_messages_lisp
[  0%] Built target rosgraph_msgs_generate_messages_nodejs
[  0%] Built target rosgraph_msgs_generate_messages_eus
[  0%] Built target tf_generate_messages_cpp
[  0%] Built target tf_generate_messages_eus
[  9%] [32mBuilding CXX object CMakeFiles/ticket.dir/src/ticket_checker.cpp.o[0m
[  9%] Built target tf_generate_messages_nodejs
[  9%] Built target tf_generate_messages_lisp
[  9%] Built target tf_generate_messages_py
[  9%] Built target actionlib_generate_messages_lisp
[  9%] Built target actionlib_generate_messages_cpp
[  9%] Built target actionlib_generate_messages_eus
[  9%] Built target actionlib_msgs_generate_messages_nodejs
[  9%] Built target actionlib_msgs_generate_messages_cpp
[  9%] Built target actionlib_generate_messages_nodejs
[  9%] Built target actionlib_generate_messages_py
[  9%] Built target actionlib_msgs_generate_messages_lisp
[  9%] Built target actionlib_msgs_generate_messages_py
[  9%] Built target actionlib_msgs_generate_messages_eus
[  9%] Built target tf2_msgs_generate_messages_lisp
[  9%] Built target tf2_msgs_generate_messages_py
[  9%] Built target tf2_msgs_generate_messages_cpp
[  9%] Built target tf2_msgs_generate_messages_eus
[  9%] Built target tf2_msgs_generate_messages_nodejs
[ 27%] Built target control_generate_messages_py
[ 36%] Built target control_generate_messages_cpp
[ 54%] Built target control_generate_messages_eus
[ 63%] Built target control_generate_messages_nodejs
[ 72%] Built target control_generate_messages_lisp
[ 72%] Built target control_generate_messages
[ 81%] [32m[1mLinking CXX shared library /home/hrsd/project_workspace/Project/main/devel/.private/control/lib/libticket.so[0m
[ 81%] Built target ticket
[ 90%] [32m[1mLinking CXX executable /home/hrsd/project_workspace/Project/main/devel/.private/control/lib/control/control[0m
[100%] Built target control
