Linked: (/home/hrsd/project_workspace/Project/main/devel/.private/control/lib/libticket.so, /home/hrsd/project_workspace/Project/main/devel/lib/libticket.so)
Linked: (/home/hrsd/project_workspace/Project/main/devel/.private/control/lib/python2.7/dist-packages/control/__init__.py, /home/hrsd/project_workspace/Project/main/devel/lib/python2.7/dist-packages/control/__init__.py)
Linked: (/home/hrsd/project_workspace/Project/main/devel/.private/control/lib/python2.7/dist-packages/control/srv/_MoveJoints.py, /home/hrsd/project_workspace/Project/main/devel/lib/python2.7/dist-packages/control/srv/_MoveJoints.py)
Linked: (/home/hrsd/project_workspace/Project/main/devel/.private/control/lib/python2.7/dist-packages/control/srv/__init__.py, /home/hrsd/project_workspace/Project/main/devel/lib/python2.7/dist-packages/control/srv/__init__.py)
Linked: (/home/hrsd/project_workspace/Project/main/devel/.private/control/lib/pkgconfig/control.pc, /home/hrsd/project_workspace/Project/main/devel/lib/pkgconfig/control.pc)
Linked: (/home/hrsd/project_workspace/Project/main/devel/.private/control/lib/control/control, /home/hrsd/project_workspace/Project/main/devel/lib/control/control)
Linked: (/home/hrsd/project_workspace/Project/main/devel/.private/control/include/control/MoveJointsResponse.h, /home/hrsd/project_workspace/Project/main/devel/include/control/MoveJointsResponse.h)
Linked: (/home/hrsd/project_workspace/Project/main/devel/.private/control/include/control/MoveJointsRequest.h, /home/hrsd/project_workspace/Project/main/devel/include/control/MoveJointsRequest.h)
Linked: (/home/hrsd/project_workspace/Project/main/devel/.private/control/include/control/MoveJoints.h, /home/hrsd/project_workspace/Project/main/devel/include/control/MoveJoints.h)
Linked: (/home/hrsd/project_workspace/Project/main/devel/.private/control/share/roseus/ros/control/manifest.l, /home/hrsd/project_workspace/Project/main/devel/share/roseus/ros/control/manifest.l)
Linked: (/home/hrsd/project_workspace/Project/main/devel/.private/control/share/roseus/ros/control/srv/MoveJoints.l, /home/hrsd/project_workspace/Project/main/devel/share/roseus/ros/control/srv/MoveJoints.l)
Linked: (/home/hrsd/project_workspace/Project/main/devel/.private/control/share/control/cmake/control-msg-paths.cmake, /home/hrsd/project_workspace/Project/main/devel/share/control/cmake/control-msg-paths.cmake)
Linked: (/home/hrsd/project_workspace/Project/main/devel/.private/control/share/control/cmake/control-msg-extras.cmake, /home/hrsd/project_workspace/Project/main/devel/share/control/cmake/control-msg-extras.cmake)
Linked: (/home/hrsd/project_workspace/Project/main/devel/.private/control/share/control/cmake/controlConfig-version.cmake, /home/hrsd/project_workspace/Project/main/devel/share/control/cmake/controlConfig-version.cmake)
Linked: (/home/hrsd/project_workspace/Project/main/devel/.private/control/share/control/cmake/controlConfig.cmake, /home/hrsd/project_workspace/Project/main/devel/share/control/cmake/controlConfig.cmake)
Linked: (/home/hrsd/project_workspace/Project/main/devel/.private/control/share/gennodejs/ros/control/_index.js, /home/hrsd/project_workspace/Project/main/devel/share/gennodejs/ros/control/_index.js)
Linked: (/home/hrsd/project_workspace/Project/main/devel/.private/control/share/gennodejs/ros/control/srv/_index.js, /home/hrsd/project_workspace/Project/main/devel/share/gennodejs/ros/control/srv/_index.js)
Linked: (/home/hrsd/project_workspace/Project/main/devel/.private/control/share/gennodejs/ros/control/srv/MoveJoints.js, /home/hrsd/project_workspace/Project/main/devel/share/gennodejs/ros/control/srv/MoveJoints.js)
Linked: (/home/hrsd/project_workspace/Project/main/devel/.private/control/share/common-lisp/ros/control/srv/control-srv.asd, /home/hrsd/project_workspace/Project/main/devel/share/common-lisp/ros/control/srv/control-srv.asd)
Linked: (/home/hrsd/project_workspace/Project/main/devel/.private/control/share/common-lisp/ros/control/srv/_package.lisp, /home/hrsd/project_workspace/Project/main/devel/share/common-lisp/ros/control/srv/_package.lisp)
Linked: (/home/hrsd/project_workspace/Project/main/devel/.private/control/share/common-lisp/ros/control/srv/_package_MoveJoints.lisp, /home/hrsd/project_workspace/Project/main/devel/share/common-lisp/ros/control/srv/_package_MoveJoints.lisp)
Linked: (/home/hrsd/project_workspace/Project/main/devel/.private/control/share/common-lisp/ros/control/srv/MoveJoints.lisp, /home/hrsd/project_workspace/Project/main/devel/share/common-lisp/ros/control/srv/MoveJoints.lisp)
