[  0%] Built target std_msgs_generate_messages_py
[  0%] Built target geometry_msgs_generate_messages_py
[  0%] Built target std_msgs_generate_messages_cpp
[  0%] Built target sensor_msgs_generate_messages_py
[  0%] Built target geometry_msgs_generate_messages_cpp
[  0%] Built target sensor_msgs_generate_messages_cpp
[  0%] Built target std_msgs_generate_messages_eus
[  0%] Built target sensor_msgs_generate_messages_eus
[  0%] Built target geometry_msgs_generate_messages_eus
[  0%] Built target sensor_msgs_generate_messages_lisp
[  0%] Built target sensor_msgs_generate_messages_nodejs
[  0%] Built target std_msgs_generate_messages_nodejs
[  0%] Built target std_msgs_generate_messages_lisp
[  0%] Built target geometry_msgs_generate_messages_lisp
[  0%] Built target geometry_msgs_generate_messages_nodejs
[  0%] Built target roscpp_generate_messages_eus
[  0%] Built target roscpp_generate_messages_lisp
[  9%] [32mBuilding CXX object CMakeFiles/ticket.dir/src/ticket_checker.cpp.o[0m
[  9%] Built target roscpp_generate_messages_nodejs
[  9%] Built target rosgraph_msgs_generate_messages_cpp
[  9%] Built target roscpp_generate_messages_py
[  9%] Built target _control_generate_messages_check_deps_MoveJoints
[  9%] Built target roscpp_generate_messages_cpp
[  9%] Built target rosgraph_msgs_generate_messages_lisp
[  9%] Built target rosgraph_msgs_generate_messages_eus
[  9%] Built target rosgraph_msgs_generate_messages_nodejs
[  9%] Built target rosgraph_msgs_generate_messages_py
[  9%] Built target tf_generate_messages_nodejs
[  9%] Built target tf_generate_messages_cpp
[  9%] Built target tf_generate_messages_eus
[  9%] Built target tf_generate_messages_lisp
[  9%] Built target tf_generate_messages_py
[  9%] Built target actionlib_generate_messages_cpp
[  9%] Built target actionlib_generate_messages_py
[  9%] Built target actionlib_generate_messages_lisp
[  9%] Built target actionlib_generate_messages_nodejs
[  9%] Built target actionlib_generate_messages_eus
[  9%] Built target actionlib_msgs_generate_messages_cpp
[  9%] Built target actionlib_msgs_generate_messages_py
[  9%] Built target actionlib_msgs_generate_messages_nodejs
[  9%] Built target actionlib_msgs_generate_messages_eus
[  9%] Built target actionlib_msgs_generate_messages_lisp
[  9%] Built target tf2_msgs_generate_messages_eus
[  9%] Built target tf2_msgs_generate_messages_cpp
[  9%] Built target tf2_msgs_generate_messages_lisp
[  9%] Built target tf2_msgs_generate_messages_py
[  9%] Built target tf2_msgs_generate_messages_nodejs
[ 18%] [34m[1mGenerating Python code from SRV control/MoveJoints[0m
[ 27%] [34m[1mGenerating EusLisp manifest code for control[0m
[ 36%] [34m[1mGenerating EusLisp code from control/MoveJoints.srv[0m
[ 45%] [34m[1mGenerating C++ code from control/MoveJoints.srv[0m
[ 54%] [34m[1mGenerating Lisp code from control/MoveJoints.srv[0m
[ 63%] [34m[1mGenerating Javascript code from control/MoveJoints.srv[0m
[ 63%] Built target control_generate_messages_lisp
[ 63%] Built target control_generate_messages_nodejs
[ 72%] [34m[1mGenerating Python srv __init__.py for control[0m
[ 72%] Built target control_generate_messages_cpp
[ 72%] Built target control_generate_messages_py
[ 72%] Built target control_generate_messages_eus
[ 72%] Built target control_generate_messages
[ 81%] [32m[1mLinking CXX shared library /home/hrsd/project_workspace/Project/main/devel/.private/control/lib/libticket.so[0m
[ 81%] Built target ticket
[ 90%] [32mBuilding CXX object CMakeFiles/control.dir/src/Application/main.cpp.o[0m
[100%] [32m[1mLinking CXX executable /home/hrsd/project_workspace/Project/main/devel/.private/control/lib/control/control[0m
[100%] Built target control
