[  0%] Built target sensor_msgs_generate_messages_cpp
[  0%] Built target geometry_msgs_generate_messages_py
[  0%] Built target sensor_msgs_generate_messages_py
[  0%] Built target std_msgs_generate_messages_cpp
[  0%] Built target std_msgs_generate_messages_eus
[  0%] Built target std_msgs_generate_messages_py
[  0%] Built target geometry_msgs_generate_messages_cpp
[  0%] Built target std_msgs_generate_messages_lisp
[  0%] Built target sensor_msgs_generate_messages_eus
[  0%] Built target geometry_msgs_generate_messages_lisp
[  0%] Built target sensor_msgs_generate_messages_lisp
[  0%] Built target std_msgs_generate_messages_nodejs
[  0%] Built target geometry_msgs_generate_messages_eus
[  0%] Built target geometry_msgs_generate_messages_nodejs
[  0%] Built target _control_generate_messages_check_deps_MoveJoints
[  0%] Built target sensor_msgs_generate_messages_nodejs
[  0%] Built target roscpp_generate_messages_py
[  0%] Built target roscpp_generate_messages_cpp
[  0%] Built target roscpp_generate_messages_eus
[  0%] Built target roscpp_generate_messages_lisp
[  0%] Built target roscpp_generate_messages_nodejs
[  0%] Built target rosgraph_msgs_generate_messages_cpp
[  0%] Built target rosgraph_msgs_generate_messages_nodejs
[  0%] Built target rosgraph_msgs_generate_messages_lisp
[  9%] Built target rosgraph_msgs_generate_messages_py
[ 18%] Built target ticket
[ 18%] Built target tf_generate_messages_eus
[ 18%] Built target rosgraph_msgs_generate_messages_eus
[ 18%] Built target tf_generate_messages_cpp
[ 18%] Built target tf_generate_messages_py
[ 18%] Built target actionlib_generate_messages_cpp
[ 18%] Built target actionlib_generate_messages_eus
[ 18%] Built target tf_generate_messages_lisp
[ 18%] Built target tf_generate_messages_nodejs
[ 18%] Built target actionlib_generate_messages_lisp
[ 18%] Built target actionlib_generate_messages_nodejs
[ 18%] Built target actionlib_generate_messages_py
[ 18%] Built target actionlib_msgs_generate_messages_lisp
[ 18%] Built target tf2_msgs_generate_messages_cpp
[ 18%] Built target actionlib_msgs_generate_messages_nodejs
[ 18%] Built target actionlib_msgs_generate_messages_cpp
[ 18%] Built target actionlib_msgs_generate_messages_py
[ 18%] Built target tf2_msgs_generate_messages_eus
[ 18%] Built target actionlib_msgs_generate_messages_eus
[ 18%] Built target tf2_msgs_generate_messages_lisp
[ 18%] Built target tf2_msgs_generate_messages_nodejs
[ 18%] Built target tf2_msgs_generate_messages_py
[ 27%] Built target control_generate_messages_cpp
[ 45%] Built target control_generate_messages_py
[ 54%] Built target control_generate_messages_nodejs
[ 63%] Built target control_generate_messages_lisp
[ 81%] Built target control_generate_messages_eus
[ 81%] Built target control_generate_messages
[100%] Built target control
