[  0%] Built target std_msgs_generate_messages_cpp
[  0%] Built target std_msgs_generate_messages_py
[  0%] Built target sensor_msgs_generate_messages_py
[  0%] Built target geometry_msgs_generate_messages_py
[  0%] Built target std_msgs_generate_messages_eus
[  0%] Built target geometry_msgs_generate_messages_cpp
[  0%] Built target sensor_msgs_generate_messages_cpp
[  0%] Built target std_msgs_generate_messages_lisp
[  0%] Built target geometry_msgs_generate_messages_eus
[  0%] Built target std_msgs_generate_messages_nodejs
[  0%] Built target sensor_msgs_generate_messages_lisp
[  0%] Built target geometry_msgs_generate_messages_lisp
[  0%] Built target sensor_msgs_generate_messages_nodejs
[  0%] Built target sensor_msgs_generate_messages_eus
[  0%] Built target geometry_msgs_generate_messages_nodejs
[  0%] Built target roscpp_generate_messages_eus
[  0%] Built target roscpp_generate_messages_lisp
[  0%] Built target roscpp_generate_messages_cpp
[  0%] Built target roscpp_generate_messages_py
[  0%] Built target _control_generate_messages_check_deps_MoveJoints
[  0%] Built target roscpp_generate_messages_nodejs
[  0%] Built target rosgraph_msgs_generate_messages_cpp
[  0%] Built target rosgraph_msgs_generate_messages_eus
[  0%] Built target rosgraph_msgs_generate_messages_py
[ 18%] Built target ticket
[ 18%] Built target rosgraph_msgs_generate_messages_nodejs
[ 18%] Built target tf_generate_messages_cpp
[ 18%] Built target rosgraph_msgs_generate_messages_lisp
[ 18%] Built target tf_generate_messages_eus
[ 18%] Built target tf_generate_messages_nodejs
[ 18%] Built target tf_generate_messages_lisp
[ 18%] Built target actionlib_generate_messages_nodejs
[ 18%] Built target tf_generate_messages_py
[ 18%] Built target actionlib_generate_messages_eus
[ 18%] Built target actionlib_generate_messages_cpp
[ 18%] Built target actionlib_generate_messages_py
[ 18%] Built target actionlib_msgs_generate_messages_cpp
[ 18%] Built target actionlib_generate_messages_lisp
[ 18%] Built target actionlib_msgs_generate_messages_nodejs
[ 18%] Built target actionlib_msgs_generate_messages_eus
[ 18%] Built target actionlib_msgs_generate_messages_lisp
[ 18%] Built target actionlib_msgs_generate_messages_py
[ 18%] Built target tf2_msgs_generate_messages_eus
[ 18%] Built target tf2_msgs_generate_messages_cpp
[ 18%] Built target tf2_msgs_generate_messages_py
[ 18%] Built target tf2_msgs_generate_messages_lisp
[ 36%] Built target control_generate_messages_py
[ 36%] Built target tf2_msgs_generate_messages_nodejs
[ 45%] Built target control_generate_messages_cpp
[ 63%] Built target control_generate_messages_eus
[ 72%] Built target control_generate_messages_lisp
[ 81%] Built target control_generate_messages_nodejs
[ 81%] Built target control_generate_messages
[ 90%] [32mBuilding CXX object CMakeFiles/control.dir/src/Application/main.cpp.o[0m
[100%] [32m[1mLinking CXX executable /home/hrsd/project_workspace/Project/main/devel/.private/control/lib/control/control[0m
[100%] Built target control
