[  0%] Built target std_msgs_generate_messages_py
[  0%] Built target std_msgs_generate_messages_cpp
[  0%] Built target sensor_msgs_generate_messages_cpp
[  0%] Built target geometry_msgs_generate_messages_cpp
[  0%] Built target geometry_msgs_generate_messages_py
[  0%] Built target sensor_msgs_generate_messages_py
[  0%] Built target std_msgs_generate_messages_eus
[  0%] Built target geometry_msgs_generate_messages_eus
[  0%] Built target geometry_msgs_generate_messages_lisp
[  0%] Built target std_msgs_generate_messages_lisp
[  0%] Built target sensor_msgs_generate_messages_eus
[  0%] Built target sensor_msgs_generate_messages_nodejs
[  0%] Built target std_msgs_generate_messages_nodejs
[  0%] Built target sensor_msgs_generate_messages_lisp
[  0%] Built target roscpp_generate_messages_cpp
[  0%] Built target geometry_msgs_generate_messages_nodejs
[  0%] Built target roscpp_generate_messages_lisp
[  0%] Built target roscpp_generate_messages_eus
[  0%] Built target roscpp_generate_messages_py
[  0%] Built target roscpp_generate_messages_nodejs
[  0%] Built target _control_generate_messages_check_deps_MoveJoints
[  0%] Built target rosgraph_msgs_generate_messages_cpp
[  9%] [32mBuilding CXX object CMakeFiles/ticket.dir/src/ticket_checker.cpp.o[0m
[  9%] Built target rosgraph_msgs_generate_messages_eus
[  9%] Built target rosgraph_msgs_generate_messages_py
[  9%] Built target rosgraph_msgs_generate_messages_lisp
[  9%] Built target tf_generate_messages_cpp
[  9%] Built target tf_generate_messages_lisp
[  9%] Built target tf_generate_messages_nodejs
[  9%] Built target rosgraph_msgs_generate_messages_nodejs
[  9%] Built target tf_generate_messages_eus
[  9%] Built target tf_generate_messages_py
[  9%] Built target actionlib_generate_messages_cpp
[  9%] Built target actionlib_generate_messages_eus
[  9%] Built target actionlib_generate_messages_lisp
[  9%] Built target actionlib_msgs_generate_messages_cpp
[  9%] Built target actionlib_generate_messages_nodejs
[  9%] Built target actionlib_generate_messages_py
[  9%] Built target actionlib_msgs_generate_messages_lisp
[  9%] Built target actionlib_msgs_generate_messages_nodejs
[  9%] Built target actionlib_msgs_generate_messages_eus
[  9%] Built target tf2_msgs_generate_messages_eus
[  9%] Built target actionlib_msgs_generate_messages_py
[  9%] Built target tf2_msgs_generate_messages_cpp
[  9%] Built target tf2_msgs_generate_messages_py
[  9%] Built target tf2_msgs_generate_messages_nodejs
[  9%] Built target tf2_msgs_generate_messages_lisp
[ 18%] Built target control_generate_messages_cpp
[ 27%] Built target control_generate_messages_lisp
[ 45%] Built target control_generate_messages_eus
[ 54%] Built target control_generate_messages_nodejs
[ 72%] Built target control_generate_messages_py
[ 72%] Built target control_generate_messages
[ 81%] [32m[1mLinking CXX shared library /home/hrsd/project_workspace/Project/main/devel/.private/control/lib/libticket.so[0m
[ 81%] Built target ticket
[ 90%] [32mBuilding CXX object CMakeFiles/control.dir/src/Application/main.cpp.o[0m
[01m[K/home/hrsd/project_workspace/Project/main/src/control/src/Application/main.cpp:[m[K In member function ‘[01m[Kvoid Nao_control::checkTicket()[m[K’:
[01m[K/home/hrsd/project_workspace/Project/main/src/control/src/Application/main.cpp:98:13:[m[K [01;31m[Kerror: [m[Kexpected ‘[01m[K;[m[K’ before ‘[01m[K}[m[K’ token
             }
[01;32m[K             ^[m[K
CMakeFiles/control.dir/build.make:75: recipe for target 'CMakeFiles/control.dir/src/Application/main.cpp.o' failed
make[2]: *** [CMakeFiles/control.dir/src/Application/main.cpp.o] Error 1
CMakeFiles/Makefile2:1863: recipe for target 'CMakeFiles/control.dir/all' failed
make[1]: *** [CMakeFiles/control.dir/all] Error 2
Makefile:145: recipe for target 'all' failed
make: *** [all] Error 2
