Performing C SOURCE FILE Test CMAKE_HAVE_LIBC_PTHREAD failed with the following output:
Change Dir: /home/hrsd/project_workspace/Project/main/build/catkin_tools_prebuild/CMakeFiles/CMakeScratch/TryCompile-W8sLIl

Run Build Command(s):/usr/bin/make -f Makefile cmTC_99bd9/fast && /usr/bin/make  -f CMakeFiles/cmTC_99bd9.dir/build.make CMakeFiles/cmTC_99bd9.dir/build
make[1]: Entering directory '/home/hrsd/project_workspace/Project/main/build/catkin_tools_prebuild/CMakeFiles/CMakeScratch/TryCompile-W8sLIl'
Building C object CMakeFiles/cmTC_99bd9.dir/src.c.o
/usr/bin/cc -DCMAKE_HAVE_LIBC_PTHREAD   -o CMakeFiles/cmTC_99bd9.dir/src.c.o -c /home/hrsd/project_workspace/Project/main/build/catkin_tools_prebuild/CMakeFiles/CMakeScratch/TryCompile-W8sLIl/src.c
Linking C executable cmTC_99bd9
/home/hrsd/.local/lib/python2.7/site-packages/cmake/data/bin/cmake -E cmake_link_script CMakeFiles/cmTC_99bd9.dir/link.txt --verbose=1
/usr/bin/cc -rdynamic CMakeFiles/cmTC_99bd9.dir/src.c.o -o cmTC_99bd9 
CMakeFiles/cmTC_99bd9.dir/src.c.o: In function `main':
src.c:(.text+0x3c): undefined reference to `pthread_create'
src.c:(.text+0x48): undefined reference to `pthread_detach'
src.c:(.text+0x54): undefined reference to `pthread_cancel'
src.c:(.text+0x65): undefined reference to `pthread_join'
src.c:(.text+0x79): undefined reference to `pthread_atfork'
collect2: error: ld returned 1 exit status
CMakeFiles/cmTC_99bd9.dir/build.make:98: recipe for target 'cmTC_99bd9' failed
make[1]: *** [cmTC_99bd9] Error 1
make[1]: Leaving directory '/home/hrsd/project_workspace/Project/main/build/catkin_tools_prebuild/CMakeFiles/CMakeScratch/TryCompile-W8sLIl'
Makefile:127: recipe for target 'cmTC_99bd9/fast' failed
make: *** [cmTC_99bd9/fast] Error 2


Source file was:
#include <pthread.h>

static void* test_func(void* data)
{
  return data;
}

int main(void)
{
  pthread_t thread;
  pthread_create(&thread, NULL, test_func, NULL);
  pthread_detach(thread);
  pthread_cancel(thread);
  pthread_join(thread, NULL);
  pthread_atfork(NULL, NULL, NULL);
  pthread_exit(NULL);

  return 0;
}


Determining if the function pthread_create exists in the pthreads failed with the following output:
Change Dir: /home/hrsd/project_workspace/Project/main/build/catkin_tools_prebuild/CMakeFiles/CMakeScratch/TryCompile-tIg9p7

Run Build Command(s):/usr/bin/make -f Makefile cmTC_80fb8/fast && /usr/bin/make  -f CMakeFiles/cmTC_80fb8.dir/build.make CMakeFiles/cmTC_80fb8.dir/build
make[1]: Entering directory '/home/hrsd/project_workspace/Project/main/build/catkin_tools_prebuild/CMakeFiles/CMakeScratch/TryCompile-tIg9p7'
Building C object CMakeFiles/cmTC_80fb8.dir/CheckFunctionExists.c.o
/usr/bin/cc   -DCHECK_FUNCTION_EXISTS=pthread_create -o CMakeFiles/cmTC_80fb8.dir/CheckFunctionExists.c.o -c /home/hrsd/project_workspace/Project/main/build/catkin_tools_prebuild/CMakeFiles/CMakeScratch/TryCompile-tIg9p7/CheckFunctionExists.c
Linking C executable cmTC_80fb8
/home/hrsd/.local/lib/python2.7/site-packages/cmake/data/bin/cmake -E cmake_link_script CMakeFiles/cmTC_80fb8.dir/link.txt --verbose=1
/usr/bin/cc  -DCHECK_FUNCTION_EXISTS=pthread_create -rdynamic CMakeFiles/cmTC_80fb8.dir/CheckFunctionExists.c.o -o cmTC_80fb8  -lpthreads 
/usr/bin/ld: cannot find -lpthreads
collect2: error: ld returned 1 exit status
CMakeFiles/cmTC_80fb8.dir/build.make:98: recipe for target 'cmTC_80fb8' failed
make[1]: *** [cmTC_80fb8] Error 1
make[1]: Leaving directory '/home/hrsd/project_workspace/Project/main/build/catkin_tools_prebuild/CMakeFiles/CMakeScratch/TryCompile-tIg9p7'
Makefile:127: recipe for target 'cmTC_80fb8/fast' failed
make: *** [cmTC_80fb8/fast] Error 2



